# JRE version: OpenJDK Runtime Environment (8.0_112-b06) (build 1.8.0_112-release-b06)
# Java VM: OpenJDK 64-Bit Server VM (25.112-b06 mixed mode linux-amd64 compressed oops)
Heap:
 PSYoungGen      total 139776K, used 139752K [0x00000000e0000000, 0x00000000eb680000, 0x0000000100000000)
  eden space 118272K, 100% used [0x00000000e0000000,0x00000000e7380000,0x00000000e7380000)
  from space 21504K, 99% used [0x00000000e7380000,0x00000000e887a160,0x00000000e8880000)
  to   space 24576K, 50% used [0x00000000e9e80000,0x00000000eaabc050,0x00000000eb680000)
 ParOldGen       total 109056K, used 35323K [0x00000000a0000000, 0x00000000a6a80000, 0x00000000e0000000)
  object space 109056K, 32% used [0x00000000a0000000,0x00000000a227ed50,0x00000000a6a80000)
 Metaspace       used 56581K, capacity 58212K, committed 58408K, reserved 1099776K
  class space    used 7526K, capacity 7868K, committed 7984K, reserved 1048576K
GC Heap History (10 events):
Event: 6,753 GC heap after
Heap after GC invocations=9 (full 2):
 PSYoungGen      total 95232K, used 0K [0x00000000e0000000, 0x00000000e8700000, 0x0000000100000000)
  eden space 84992K, 0% used [0x00000000e0000000,0x00000000e0000000,0x00000000e5300000)
  from space 10240K, 0% used [0x00000000e5300000,0x00000000e5300000,0x00000000e5d00000)
  to   space 11776K, 0% used [0x00000000e7b80000,0x00000000e7b80000,0x00000000e8700000)
 ParOldGen       total 109056K, used 17605K [0x00000000a0000000, 0x00000000a6a80000, 0x00000000e0000000)
  object space 109056K, 16% used [0x00000000a0000000,0x00000000a1131500,0x00000000a6a80000)
 Metaspace       used 34617K, capacity 35252K, committed 35496K, reserved 1079296K
  class space    used 4629K, capacity 4759K, committed 4784K, reserved 1048576K
}
Event: 8,074 GC heap before
{Heap before GC invocations=10 (full 2):
 PSYoungGen      total 95232K, used 84992K [0x00000000e0000000, 0x00000000e8700000, 0x0000000100000000)
  eden space 84992K, 100% used [0x00000000e0000000,0x00000000e5300000,0x00000000e5300000)
  from space 10240K, 0% used [0x00000000e5300000,0x00000000e5300000,0x00000000e5d00000)
  to   space 11776K, 0% used [0x00000000e7b80000,0x00000000e7b80000,0x00000000e8700000)
 ParOldGen       total 109056K, used 17605K [0x00000000a0000000, 0x00000000a6a80000, 0x00000000e0000000)
  object space 109056K, 16% used [0x00000000a0000000,0x00000000a1131500,0x00000000a6a80000)
 Metaspace       used 42371K, capacity 43236K, committed 43304K, reserved 1087488K
  class space    used 5684K, capacity 5873K, committed 5936K, reserved 1048576K
Event: 8,088 GC heap after
Heap after GC invocations=10 (full 2):
 PSYoungGen      total 118272K, used 10370K [0x00000000e0000000, 0x00000000e8600000, 0x0000000100000000)
  eden space 107520K, 0% used [0x00000000e0000000,0x00000000e0000000,0x00000000e6900000)
  from space 10752K, 96% used [0x00000000e7b80000,0x00000000e85a0b08,0x00000000e8600000)
  to   space 12800K, 0% used [0x00000000e6d00000,0x00000000e6d00000,0x00000000e7980000)
 ParOldGen       total 109056K, used 17613K [0x00000000a0000000, 0x00000000a6a80000, 0x00000000e0000000)
  object space 109056K, 16% used [0x00000000a0000000,0x00000000a1133500,0x00000000a6a80000)
 Metaspace       used 42371K, capacity 43236K, committed 43304K, reserved 1087488K
  class space    used 5684K, capacity 5873K, committed 5936K, reserved 1048576K
}
Event: 9,697 GC heap before
{Heap before GC invocations=11 (full 2):
 PSYoungGen      total 118272K, used 117890K [0x00000000e0000000, 0x00000000e8600000, 0x0000000100000000)
  eden space 107520K, 100% used [0x00000000e0000000,0x00000000e6900000,0x00000000e6900000)
  from space 10752K, 96% used [0x00000000e7b80000,0x00000000e85a0b08,0x00000000e8600000)
  to   space 12800K, 0% used [0x00000000e6d00000,0x00000000e6d00000,0x00000000e7980000)
 ParOldGen       total 109056K, used 17613K [0x00000000a0000000, 0x00000000a6a80000, 0x00000000e0000000)
  object space 109056K, 16% used [0x00000000a0000000,0x00000000a1133500,0x00000000a6a80000)
 Metaspace       used 46385K, capacity 47738K, committed 47784K, reserved 1091584K
  class space    used 6258K, capacity 6544K, committed 6576K, reserved 1048576K
Event: 9,717 GC heap after
Heap after GC invocations=11 (full 2):
 PSYoungGen      total 124416K, used 12771K [0x00000000e0000000, 0x00000000e9800000, 0x0000000100000000)
  eden space 111616K, 0% used [0x00000000e0000000,0x00000000e0000000,0x00000000e6d00000)
  from space 12800K, 99% used [0x00000000e6d00000,0x00000000e7978c80,0x00000000e7980000)
  to   space 15872K, 0% used [0x00000000e8880000,0x00000000e8880000,0x00000000e9800000)
 ParOldGen       total 109056K, used 21679K [0x00000000a0000000, 0x00000000a6a80000, 0x00000000e0000000)
  object space 109056K, 19% used [0x00000000a0000000,0x00000000a152bf58,0x00000000a6a80000)
 Metaspace       used 46385K, capacity 47738K, committed 47784K, reserved 1091584K
  class space    used 6258K, capacity 6544K, committed 6576K, reserved 1048576K
}
Event: 11,474 GC heap before
{Heap before GC invocations=12 (full 2):
 PSYoungGen      total 124416K, used 124387K [0x00000000e0000000, 0x00000000e9800000, 0x0000000100000000)
  eden space 111616K, 100% used [0x00000000e0000000,0x00000000e6d00000,0x00000000e6d00000)
  from space 12800K, 99% used [0x00000000e6d00000,0x00000000e7978c80,0x00000000e7980000)
  to   space 15872K, 0% used [0x00000000e8880000,0x00000000e8880000,0x00000000e9800000)
 ParOldGen       total 109056K, used 21679K [0x00000000a0000000, 0x00000000a6a80000, 0x00000000e0000000)
  object space 109056K, 19% used [0x00000000a0000000,0x00000000a152bf58,0x00000000a6a80000)
 Metaspace       used 50453K, capacity 52056K, committed 52264K, reserved 1093632K
  class space    used 6811K, capacity 7133K, committed 7216K, reserved 1048576K
Event: 11,510 GC heap after
Heap after GC invocations=12 (full 2):
 PSYoungGen      total 134144K, used 15855K [0x00000000e0000000, 0x00000000ea900000, 0x0000000100000000)
  eden space 118272K, 0% used [0x00000000e0000000,0x00000000e0000000,0x00000000e7380000)
  from space 15872K, 99% used [0x00000000e8880000,0x00000000e97fbff0,0x00000000e9800000)
  to   space 21504K, 0% used [0x00000000e7380000,0x00000000e7380000,0x00000000e8880000)
 ParOldGen       total 109056K, used 31114K [0x00000000a0000000, 0x00000000a6a80000, 0x00000000e0000000)
  object space 109056K, 28% used [0x00000000a0000000,0x00000000a1e62a10,0x00000000a6a80000)
 Metaspace       used 50453K, capacity 52056K, committed 52264K, reserved 1093632K
  class space    used 6811K, capacity 7133K, committed 7216K, reserved 1048576K
}
Event: 13,864 GC heap before
{Heap before GC invocations=13 (full 2):
 PSYoungGen      total 134144K, used 134127K [0x00000000e0000000, 0x00000000ea900000, 0x0000000100000000)
  eden space 118272K, 100% used [0x00000000e0000000,0x00000000e7380000,0x00000000e7380000)
  from space 15872K, 99% used [0x00000000e8880000,0x00000000e97fbff0,0x00000000e9800000)
  to   space 21504K, 0% used [0x00000000e7380000,0x00000000e7380000,0x00000000e8880000)
 ParOldGen       total 109056K, used 31114K [0x00000000a0000000, 0x00000000a6a80000, 0x00000000e0000000)
  object space 109056K, 28% used [0x00000000a0000000,0x00000000a1e62a10,0x00000000a6a80000)
 Metaspace       used 51977K, capacity 53524K, committed 53672K, reserved 1095680K
  class space    used 6981K, capacity 7315K, committed 7344K, reserved 1048576K
Event: 13,900 GC heap after
Heap after GC invocations=13 (full 2):
 PSYoungGen      total 139776K, used 21480K [0x00000000e0000000, 0x00000000eb680000, 0x0000000100000000)
  eden space 118272K, 0% used [0x00000000e0000000,0x00000000e0000000,0x00000000e7380000)
  from space 21504K, 99% used [0x00000000e7380000,0x00000000e887a160,0x00000000e8880000)
  to   space 24576K, 0% used [0x00000000e9e80000,0x00000000e9e80000,0x00000000eb680000)
 ParOldGen       total 109056K, used 31279K [0x00000000a0000000, 0x00000000a6a80000, 0x00000000e0000000)
  object space 109056K, 28% used [0x00000000a0000000,0x00000000a1e8bd50,0x00000000a6a80000)
 Metaspace       used 51977K, capacity 53524K, committed 53672K, reserved 1095680K
  class space    used 6981K, capacity 7315K, committed 7344K, reserved 1048576K
}
Event: 15,456 GC heap before
{Heap before GC invocations=14 (full 2):
 PSYoungGen      total 139776K, used 139752K [0x00000000e0000000, 0x00000000eb680000, 0x0000000100000000)
  eden space 118272K, 100% used [0x00000000e0000000,0x00000000e7380000,0x00000000e7380000)
  from space 21504K, 99% used [0x00000000e7380000,0x00000000e887a160,0x00000000e8880000)
  to   space 24576K, 0% used [0x00000000e9e80000,0x00000000e9e80000,0x00000000eb680000)
 ParOldGen       total 109056K, used 31279K [0x00000000a0000000, 0x00000000a6a80000, 0x00000000e0000000)
  object space 109056K, 28% used [0x00000000a0000000,0x00000000a1e8bd50,0x00000000a6a80000)
 Metaspace       used 56581K, capacity 58212K, committed 58408K, reserved 1099776K
  class space    used 7526K, capacity 7868K, committed 7984K, reserved 1048576K

