# JRE version: OpenJDK Runtime Environment (8.0_112-b06) (build 1.8.0_112-release-b06)
# Java VM: OpenJDK 64-Bit Server VM (25.112-b06 mixed mode windows-amd64 compressed oops)
Heap:
 PSYoungGen      total 368640K, used 68443K [0x00000000e0000000, 0x00000000ffa00000, 0x0000000100000000)
  eden space 221184K, 0% used [0x00000000e0000000,0x00000000e0000000,0x00000000ed800000)
  from space 147456K, 46% used [0x00000000f6a00000,0x00000000facd6ff0,0x00000000ffa00000)
  to   space 148480K, 0% used [0x00000000ed800000,0x00000000ed800000,0x00000000f6900000)
 ParOldGen       total 827392K, used 810435K [0x00000000a0000000, 0x00000000d2800000, 0x00000000e0000000)
  object space 827392K, 97% used [0x00000000a0000000,0x00000000d1770dc0,0x00000000d2800000)
 Metaspace       used 85352K, capacity 92154K, committed 92376K, reserved 1130496K
  class space    used 10756K, capacity 11649K, committed 11736K, reserved 1048576K
GC Heap History (10 events):
Event: 17395.076 GC heap after
Heap after GC invocations=505 (full 40):
 PSYoungGen      total 356864K, used 29869K [0x00000000e0000000, 0x00000000fee00000, 0x0000000100000000)
  eden space 201728K, 0% used [0x00000000e0000000,0x00000000e0000000,0x00000000ec500000)
  from space 155136K, 19% used [0x00000000f5680000,0x00000000f73ab5f8,0x00000000fee00000)
  to   space 148992K, 0% used [0x00000000ec500000,0x00000000ec500000,0x00000000f5680000)
 ParOldGen       total 827392K, used 683210K [0x00000000a0000000, 0x00000000d2800000, 0x00000000e0000000)
  object space 827392K, 82% used [0x00000000a0000000,0x00000000c9b32b38,0x00000000d2800000)
 Metaspace       used 85352K, capacity 92154K, committed 92376K, reserved 1130496K
  class space    used 10756K, capacity 11649K, committed 11736K, reserved 1048576K
}
Event: 17395.348 GC heap before
{Heap before GC invocations=506 (full 40):
 PSYoungGen      total 356864K, used 231597K [0x00000000e0000000, 0x00000000fee00000, 0x0000000100000000)
  eden space 201728K, 100% used [0x00000000e0000000,0x00000000ec500000,0x00000000ec500000)
  from space 155136K, 19% used [0x00000000f5680000,0x00000000f73ab5f8,0x00000000fee00000)
  to   space 148992K, 0% used [0x00000000ec500000,0x00000000ec500000,0x00000000f5680000)
 ParOldGen       total 827392K, used 683210K [0x00000000a0000000, 0x00000000d2800000, 0x00000000e0000000)
  object space 827392K, 82% used [0x00000000a0000000,0x00000000c9b32b38,0x00000000d2800000)
 Metaspace       used 85352K, capacity 92154K, committed 92376K, reserved 1130496K
  class space    used 10756K, capacity 11649K, committed 11736K, reserved 1048576K
Event: 17397.293 GC heap after
Heap after GC invocations=506 (full 40):
 PSYoungGen      total 350720K, used 31482K [0x00000000e0000000, 0x00000000fec00000, 0x0000000100000000)
  eden space 201728K, 0% used [0x00000000e0000000,0x00000000e0000000,0x00000000ec500000)
  from space 148992K, 21% used [0x00000000ec500000,0x00000000ee3beb20,0x00000000f5680000)
  to   space 141824K, 0% used [0x00000000f6180000,0x00000000f6180000,0x00000000fec00000)
 ParOldGen       total 827392K, used 711231K [0x00000000a0000000, 0x00000000d2800000, 0x00000000e0000000)
  object space 827392K, 85% used [0x00000000a0000000,0x00000000cb68ff80,0x00000000d2800000)
 Metaspace       used 85352K, capacity 92154K, committed 92376K, reserved 1130496K
  class space    used 10756K, capacity 11649K, committed 11736K, reserved 1048576K
}
Event: 17397.837 GC heap before
{Heap before GC invocations=507 (full 40):
 PSYoungGen      total 350720K, used 233210K [0x00000000e0000000, 0x00000000fec00000, 0x0000000100000000)
  eden space 201728K, 100% used [0x00000000e0000000,0x00000000ec500000,0x00000000ec500000)
  from space 148992K, 21% used [0x00000000ec500000,0x00000000ee3beb20,0x00000000f5680000)
  to   space 141824K, 0% used [0x00000000f6180000,0x00000000f6180000,0x00000000fec00000)
 ParOldGen       total 827392K, used 711231K [0x00000000a0000000, 0x00000000d2800000, 0x00000000e0000000)
  object space 827392K, 85% used [0x00000000a0000000,0x00000000cb68ff80,0x00000000d2800000)
 Metaspace       used 85352K, capacity 92154K, committed 92376K, reserved 1130496K
  class space    used 10756K, capacity 11649K, committed 11736K, reserved 1048576K
Event: 17399.788 GC heap after
Heap after GC invocations=507 (full 40):
 PSYoungGen      total 354304K, used 93956K [0x00000000e0000000, 0x0000000100000000, 0x0000000100000000)
  eden space 212480K, 0% used [0x00000000e0000000,0x00000000e0000000,0x00000000ecf80000)
  from space 141824K, 66% used [0x00000000f6180000,0x00000000fbd410a8,0x00000000fec00000)
  to   space 149504K, 0% used [0x00000000ecf80000,0x00000000ecf80000,0x00000000f6180000)
 ParOldGen       total 827392K, used 741149K [0x00000000a0000000, 0x00000000d2800000, 0x00000000e0000000)
  object space 827392K, 89% used [0x00000000a0000000,0x00000000cd3c7718,0x00000000d2800000)
 Metaspace       used 85352K, capacity 92154K, committed 92376K, reserved 1130496K
  class space    used 10756K, capacity 11649K, committed 11736K, reserved 1048576K
}
Event: 17400.098 GC heap before
{Heap before GC invocations=508 (full 40):
 PSYoungGen      total 354304K, used 306436K [0x00000000e0000000, 0x0000000100000000, 0x0000000100000000)
  eden space 212480K, 100% used [0x00000000e0000000,0x00000000ecf80000,0x00000000ecf80000)
  from space 141824K, 66% used [0x00000000f6180000,0x00000000fbd410a8,0x00000000fec00000)
  to   space 149504K, 0% used [0x00000000ecf80000,0x00000000ecf80000,0x00000000f6180000)
 ParOldGen       total 827392K, used 741149K [0x00000000a0000000, 0x00000000d2800000, 0x00000000e0000000)
  object space 827392K, 89% used [0x00000000a0000000,0x00000000cd3c7718,0x00000000d2800000)
 Metaspace       used 85352K, capacity 92154K, committed 92376K, reserved 1130496K
  class space    used 10756K, capacity 11649K, committed 11736K, reserved 1048576K
Event: 17401.229 GC heap after
Heap after GC invocations=508 (full 40):
 PSYoungGen      total 361984K, used 90017K [0x00000000e0000000, 0x0000000100000000, 0x0000000100000000)
  eden space 212480K, 0% used [0x00000000e0000000,0x00000000e0000000,0x00000000ecf80000)
  from space 149504K, 60% used [0x00000000ecf80000,0x00000000f27686d8,0x00000000f6180000)
  to   space 153600K, 0% used [0x00000000f6a00000,0x00000000f6a00000,0x0000000100000000)
 ParOldGen       total 827392K, used 757007K [0x00000000a0000000, 0x00000000d2800000, 0x00000000e0000000)
  object space 827392K, 91% used [0x00000000a0000000,0x00000000ce343ed8,0x00000000d2800000)
 Metaspace       used 85352K, capacity 92154K, committed 92376K, reserved 1130496K
  class space    used 10756K, capacity 11649K, committed 11736K, reserved 1048576K
}
Event: 17401.655 GC heap before
{Heap before GC invocations=509 (full 40):
 PSYoungGen      total 361984K, used 302497K [0x00000000e0000000, 0x0000000100000000, 0x0000000100000000)
  eden space 212480K, 100% used [0x00000000e0000000,0x00000000ecf80000,0x00000000ecf80000)
  from space 149504K, 60% used [0x00000000ecf80000,0x00000000f27686d8,0x00000000f6180000)
  to   space 153600K, 0% used [0x00000000f6a00000,0x00000000f6a00000,0x0000000100000000)
 ParOldGen       total 827392K, used 757007K [0x00000000a0000000, 0x00000000d2800000, 0x00000000e0000000)
  object space 827392K, 91% used [0x00000000a0000000,0x00000000ce343ed8,0x00000000d2800000)
 Metaspace       used 85352K, capacity 92154K, committed 92376K, reserved 1130496K
  class space    used 10756K, capacity 11649K, committed 11736K, reserved 1048576K
Event: 17405.219 GC heap after
Heap after GC invocations=509 (full 40):
 PSYoungGen      total 368640K, used 68443K [0x00000000e0000000, 0x00000000ffa00000, 0x0000000100000000)
  eden space 221184K, 0% used [0x00000000e0000000,0x00000000e0000000,0x00000000ed800000)
  from space 147456K, 46% used [0x00000000f6a00000,0x00000000facd6ff0,0x00000000ffa00000)
  to   space 148480K, 0% used [0x00000000ed800000,0x00000000ed800000,0x00000000f6900000)
 ParOldGen       total 827392K, used 810435K [0x00000000a0000000, 0x00000000d2800000, 0x00000000e0000000)
  object space 827392K, 97% used [0x00000000a0000000,0x00000000d1770dc0,0x00000000d2800000)
 Metaspace       used 85352K, capacity 92154K, committed 92376K, reserved 1130496K
  class space    used 10756K, capacity 11649K, committed 11736K, reserved 1048576K
}
Event: 17405.219 GC heap before
{Heap before GC invocations=510 (full 41):
 PSYoungGen      total 368640K, used 68443K [0x00000000e0000000, 0x00000000ffa00000, 0x0000000100000000)
  eden space 221184K, 0% used [0x00000000e0000000,0x00000000e0000000,0x00000000ed800000)
  from space 147456K, 46% used [0x00000000f6a00000,0x00000000facd6ff0,0x00000000ffa00000)
  to   space 148480K, 0% used [0x00000000ed800000,0x00000000ed800000,0x00000000f6900000)
 ParOldGen       total 827392K, used 810435K [0x00000000a0000000, 0x00000000d2800000, 0x00000000e0000000)
  object space 827392K, 97% used [0x00000000a0000000,0x00000000d1770dc0,0x00000000d2800000)
 Metaspace       used 85352K, capacity 92154K, committed 92376K, reserved 1130496K
  class space    used 10756K, capacity 11649K, committed 11736K, reserved 1048576K

